# command: jq ".gates[] | select(.id==1 or .id==4 or .id==5 or .id==7) | {id,name,status,status_reason}" docs/audits/2026-02-12-prod-readiness/gate-tracker.json
# start_utc: 2026-02-15T18:24:51Z
{
  "id": 1,
  "name": "Release discipline / provenance",
  "status": "NO-GO",
  "status_reason": "Signed release tag provenance and SBOM/release-note enforcement evidence not yet produced."
}
{
  "id": 4,
  "name": "Deployment / observability / operations",
  "status": "PARTIAL",
  "status_reason": "Fresh 2026-02-15 execution reran Terraform, Cloud Run/IAM, and observability command matrices with archived logs. Local Terraform + observability checks remain reproducible, but authenticated staging apply, Cloud Run/IAM data capture, live staging observability evidence, and human drill signoff are still externally blocked."
}
{
  "id": 5,
  "name": "Performance / security / release readiness",
  "status": "NO-GO",
  "status_reason": "Soak/load, pen-test, rollback drill, and signoff-pack evidence not yet produced."
}
{
  "id": 7,
  "name": "Final production promotion and handoff",
  "status": "NO-GO",
  "status_reason": "Canary progression, production integration validation, messaging, and handoff report are not yet complete."
}
