release_evidence/2026-02-12-prod-readiness/final-go/README.md
release_evidence/2026-02-12-prod-readiness/final-go/command-logs/20260215T182508Z_canary_hooks_scan.log
release_evidence/2026-02-12-prod-readiness/final-go/command-logs/20260215T182508Z_deploy_script_syntax.log
release_evidence/2026-02-12-prod-readiness/final-go/command-logs/20260215T182509Z_final_go_readme_presence.log
release_evidence/2026-02-12-prod-readiness/final-go/command-logs/20260215T182509Z_gcloud_terraform_tool_presence.log
release_evidence/2026-02-12-prod-readiness/final-go/command-logs/20260215T182519Z_openapi_contract_test.log
release_evidence/2026-02-12-prod-readiness/final-go/command-logs/20260215T182626Z_api_integration_test_listing.log
release_evidence/2026-02-12-prod-readiness/final-go/command-logs/20260215T182630Z_integration_scope_scan.log
release_evidence/2026-02-12-prod-readiness/final-go/command-logs/20260215T182638Z_all_gates_green_check.log
release_evidence/2026-02-12-prod-readiness/final-go/command-logs/20260215T182638Z_non_go_gate_count.log
release_evidence/2026-02-12-prod-readiness/final-go/command-logs/20260215T182647Z_final_go_artifact_inventory.log
release_evidence/2026-02-12-prod-readiness/final-go/command-logs/20260215T182647Z_gate5_artifact_inventory.log
release_evidence/2026-02-12-prod-readiness/final-go/command-logs/20260215T182647Z_signal_owner_snapshot.log
release_evidence/2026-02-12-prod-readiness/final-go/command-logs/20260215T183157Z_changed_files_snapshot.log
release_evidence/2026-02-12-prod-readiness/final-go/command-logs/20260215T183157Z_g5_g7_signal_snapshot.log
release_evidence/2026-02-12-prod-readiness/final-go/command-logs/20260215T183157Z_gate_status_snapshot.log
release_evidence/2026-02-12-prod-readiness/final-go/command-logs/20260215T183157Z_gate_tracker_jq_validate.log
release_evidence/2026-02-12-prod-readiness/final-go/command-logs/20260215T183157Z_new_artifact_presence.log
release_evidence/2026-02-12-prod-readiness/final-go/command-logs/20260215T192809Z_deploy_script_syntax_refresh.log
release_evidence/2026-02-12-prod-readiness/final-go/command-logs/20260215T192809Z_gcloud_access_token_preflight.log
release_evidence/2026-02-12-prod-readiness/final-go/command-logs/20260215T192811Z_canary_env_requirements_check.log
release_evidence/2026-02-12-prod-readiness/final-go/command-logs/20260215T192833Z_openapi_contract_test_refresh.log
release_evidence/2026-02-12-prod-readiness/final-go/command-logs/20260215T192922Z_api_integration_test_listing_refresh.log
release_evidence/2026-02-12-prod-readiness/final-go/command-logs/20260215T192925Z_prod_integration_env_requirements_check.log
release_evidence/2026-02-12-prod-readiness/final-go/command-logs/20260215T193405Z_all_gates_go_assertion.log
release_evidence/2026-02-12-prod-readiness/final-go/command-logs/20260215T193405Z_all_gates_green_check_refresh.log
release_evidence/2026-02-12-prod-readiness/final-go/command-logs/20260215T193405Z_non_go_gate_count_refresh.log
release_evidence/2026-02-12-prod-readiness/final-go/command-logs/20260215T193513Z_artifact_presence_refresh.log
release_evidence/2026-02-12-prod-readiness/final-go/command-logs/20260215T193513Z_changed_files_snapshot_refresh.log
release_evidence/2026-02-12-prod-readiness/final-go/command-logs/20260215T193513Z_ci_static_key_absence_verify.log
release_evidence/2026-02-12-prod-readiness/final-go/command-logs/20260215T193513Z_g5_g7_signal_snapshot_refresh.log
release_evidence/2026-02-12-prod-readiness/final-go/command-logs/20260215T193513Z_gate_status_snapshot_refresh.log
release_evidence/2026-02-12-prod-readiness/final-go/command-logs/20260215T193513Z_gate_tracker_jq_validate_refresh.log
release_evidence/2026-02-12-prod-readiness/final-go/command-logs/20260215T193513Z_log_redaction_email_scan.log
release_evidence/2026-02-12-prod-readiness/final-go/command-logs/20260215T193513Z_log_redaction_token_scan.log
release_evidence/2026-02-12-prod-readiness/final-go/command-logs/20260215T193534Z_final_go_artifact_inventory_refresh.log
release_evidence/2026-02-12-prod-readiness/final-go/command-logs/20260215T193534Z_gate5_artifact_inventory_refresh.log
release_evidence/2026-02-12-prod-readiness/final-go/external-handoff-checklist.md
release_evidence/2026-02-12-prod-readiness/final-go/g5-g7-audit-refresh-command-status.tsv
release_evidence/2026-02-12-prod-readiness/final-go/g7-001-canary-progression-evidence.md
release_evidence/2026-02-12-prod-readiness/final-go/g7-001-command-status.tsv
release_evidence/2026-02-12-prod-readiness/final-go/g7-002-command-status.tsv
release_evidence/2026-02-12-prod-readiness/final-go/g7-002-production-integration-validation-evidence.md
release_evidence/2026-02-12-prod-readiness/final-go/g7-003-command-status.tsv
release_evidence/2026-02-12-prod-readiness/final-go/g7-003-messaging-update-gate.md
release_evidence/2026-02-12-prod-readiness/final-go/g7-004-command-status.tsv
release_evidence/2026-02-12-prod-readiness/final-go/g7-004-final-readiness-report-handoff.md
