# command: git status --short
# start_utc: 2026-02-15T18:31:57Z
 M docs/audits/2026-02-12-prod-readiness/gate-tracker.json
 M docs/audits/2026-02-12-prod-readiness/signal-ledger.md
 M docs/audits/2026-02-12-prod-readiness/summary.md
 M release_evidence/2026-02-12-prod-readiness/final-go/README.md
 M release_evidence/2026-02-12-prod-readiness/gate-5/README.md
?? release_evidence/2026-02-12-prod-readiness/final-go/command-logs/
?? release_evidence/2026-02-12-prod-readiness/final-go/external-handoff-checklist.md
?? release_evidence/2026-02-12-prod-readiness/final-go/g5-g7-audit-refresh-command-status.tsv
?? release_evidence/2026-02-12-prod-readiness/final-go/g7-001-canary-progression-evidence.md
?? release_evidence/2026-02-12-prod-readiness/final-go/g7-001-command-status.tsv
?? release_evidence/2026-02-12-prod-readiness/final-go/g7-002-command-status.tsv
?? release_evidence/2026-02-12-prod-readiness/final-go/g7-002-production-integration-validation-evidence.md
?? release_evidence/2026-02-12-prod-readiness/final-go/g7-003-command-status.tsv
?? release_evidence/2026-02-12-prod-readiness/final-go/g7-003-messaging-update-gate.md
?? release_evidence/2026-02-12-prod-readiness/final-go/g7-004-command-status.tsv
?? release_evidence/2026-02-12-prod-readiness/final-go/g7-004-final-readiness-report-handoff.md
?? release_evidence/2026-02-12-prod-readiness/gate-5/command-logs/
?? release_evidence/2026-02-12-prod-readiness/gate-5/external-handoff-checklist.md
?? release_evidence/2026-02-12-prod-readiness/gate-5/g5-002-command-status.tsv
?? release_evidence/2026-02-12-prod-readiness/gate-5/g5-002-retention-cost-control-policy.md
?? release_evidence/2026-02-12-prod-readiness/gate-5/perf/
?? release_evidence/2026-02-12-prod-readiness/gate-5/rollback/
?? release_evidence/2026-02-12-prod-readiness/gate-5/security/
?? release_evidence/2026-02-12-prod-readiness/gate-5/signoff/
